<?xml version="1.0" encoding="UTF-8"?>
<!-- Generated by org.testng.reporters.JUnitXMLReporter -->
<testsuite ignored="1" hostname="DESKTOP-IHTVDRQ" failures="0" tests="2" name="ChromeTest" time="22.147" errors="0" timestamp="2025-02-14T14:00:19 IST">
  <testcase classname="testscripts.SubCategoryTest" name="verifyAddNewSubcategorywithValidDetails" time="5.764"/>
  <testcase classname="testscripts.SubCategoryTest" name="verifySearchSubCategory" time="4.659"/>
  <testcase classname="testscripts.SubCategoryTest" name="verifySubCategoryIsDeleted" time="0.0">
    <ignored/>
  </testcase> <!-- verifySubCategoryIsDeleted -->
</testsuite> <!-- ChromeTest -->
