<?xml version="1.0" encoding="UTF-8"?>
<!-- Generated by org.testng.reporters.JUnitXMLReporter -->
<testsuite ignored="3" hostname="DESKTOP-IHTVDRQ" failures="0" tests="0" time="0.018" errors="0" timestamp="2025-02-23T15:18:10 IST">
  <testcase classname="testscripts.SubCategoryTest" name="verifySubCategoryIsDeleted" time="0.0">
    <ignored/>
  </testcase> <!-- verifySubCategoryIsDeleted -->
  <testcase classname="testscripts.SubCategoryTest" name="verifyAddNewSubcategorywithValidDetails" time="0.0">
    <ignored/>
  </testcase> <!-- verifyAddNewSubcategorywithValidDetails -->
  <testcase classname="testscripts.SubCategoryTest" name="verifySearchSubCategory" time="0.0">
    <ignored/>
  </testcase> <!-- verifySearchSubCategory -->
</testsuite>
