<?xml version="1.0" encoding="UTF-8"?>
<!-- Generated by org.testng.reporters.JUnitXMLReporter -->
<testsuite ignored="2" hostname="DESKTOP-IHTVDRQ" failures="0" tests="1" name="myTest2" time="14.453" errors="0" timestamp="2025-02-23T11:43:16 IST">
  <testcase classname="testscripts.SubCategoryTest" name="verifySearchSubCategory" time="5.231"/>
  <testcase classname="testscripts.SubCategoryTest" name="verifySubCategoryIsDeleted" time="0.0">
    <ignored/>
  </testcase> <!-- verifySubCategoryIsDeleted -->
  <testcase classname="testscripts.SubCategoryTest" name="verifyAddNewSubcategorywithValidDetails" time="0.0">
    <ignored/>
  </testcase> <!-- verifyAddNewSubcategorywithValidDetails -->
</testsuite> <!-- myTest2 -->
