<?xml version="1.0" encoding="UTF-8"?>
<!-- Generated by org.testng.reporters.JUnitXMLReporter -->
<testsuite ignored="3" hostname="DESKTOP-IHTVDRQ" failures="0" tests="14" name="myTest" time="131.547" errors="0" timestamp="2025-02-23T11:28:11 IST">
  <testcase classname="testscripts.LoginTest" name="verifyUserLoginWithValidCredentials" time="3.212"/>
  <testcase classname="testscripts.SubCategoryTest" name="verifySearchSubCategory" time="3.215"/>
  <testcase classname="testscripts.SubCategoryTest" name="verifySubCategoryIsDeleted" time="4.689"/>
  <testcase classname="testscripts.SubCategoryTest" name="verifyAddNewSubcategorywithValidDetails" time="3.571"/>
  <testcase classname="testscripts.ManageFooterTextTest" name="verifyUserCanUpdateAdminFooterDetails" time="3.13"/>
  <testcase classname="testscripts.ManageContactTest" name="verifyUserCanUpdateContactDetails" time="3.375"/>
  <testcase classname="testscripts.CategoryTest" name="verifyCategoryIsDeleted" time="4.571"/>
  <testcase classname="testscripts.CategoryTest" name="verifyUserCanAddNewCategory" time="3.298"/>
  <testcase classname="testscripts.CategoryTest" name="validateUserCanChangeActiveCategoryStatus" time="3.142"/>
  <testcase classname="testscripts.ManageNewsTest" name="verifyAdminUserCanAddNews" time="2.269"/>
  <testcase classname="testscripts.ManageNewsTest" name="verifyAdminUserCanManageAndEditNews" time="2.564"/>
  <testcase classname="testscripts.AdminUserTest" name="verifyUserCanChangeStatusOfAdminDetails" time="2.444"/>
  <testcase classname="testscripts.AdminUserTest" name="verifyUserCanSearchAdminUserInfo" time="2.725"/>
  <testcase classname="testscripts.AdminUserTest" name="verifyUserCanAddNewAdminDetails" time="3.527"/>
  <testcase classname="testscripts.LoginTest" name="verifyUserLoginWithInvalidUsernameAndInvalidPassword" time="0.0">
    <ignored/>
  </testcase> <!-- verifyUserLoginWithInvalidUsernameAndInvalidPassword -->
  <testcase classname="testscripts.LoginTest" name="verifyUserLoginWithInvalidUsernameAndValidPassword" time="0.0">
    <ignored/>
  </testcase> <!-- verifyUserLoginWithInvalidUsernameAndValidPassword -->
  <testcase classname="testscripts.LoginTest" name="verifyUserLoginWithValidUsernameAndInvalidPassword" time="0.0">
    <ignored/>
  </testcase> <!-- verifyUserLoginWithValidUsernameAndInvalidPassword -->
</testsuite> <!-- myTest -->
