<?xml version="1.0" encoding="UTF-8"?>
<!-- Generated by org.testng.reporters.JUnitXMLReporter -->
<testsuite ignored="2" hostname="DESKTOP-IHTVDRQ" failures="0" tests="1" name="edge-test" time="27.848" errors="0" timestamp="2025-02-26T15:06:02 IST">
  <testcase classname="testscripts.CategoryTest" name="verifyCategoryIsDeleted" time="10.083"/>
  <testcase classname="testscripts.CategoryTest" name="verifyUserCanAddNewCategory" time="0.0">
    <ignored/>
  </testcase> <!-- verifyUserCanAddNewCategory -->
  <testcase classname="testscripts.CategoryTest" name="validateUserCanChangeActiveCategoryStatus" time="0.0">
    <ignored/>
  </testcase> <!-- validateUserCanChangeActiveCategoryStatus -->
</testsuite> <!-- edge-test -->
